update-alternatives 2016-09-23 17:25:21: run with --quiet --install /usr/bin/awk awk /usr/bin/mawk 5 --slave /usr/share/man/man1/awk.1.gz awk.1.gz /usr/share/man/man1/mawk.1.gz --slave /usr/bin/nawk nawk /usr/bin/mawk --slave /usr/share/man/man1/nawk.1.gz nawk.1.gz /usr/share/man/man1/mawk.1.gz
update-alternatives 2016-09-23 17:25:21: link group awk updated to point to /usr/bin/mawk
update-alternatives 2016-09-23 17:25:54: run with --quiet --install /usr/bin/awk awk /usr/bin/mawk 5 --slave /usr/share/man/man1/awk.1.gz awk.1.gz /usr/share/man/man1/mawk.1.gz --slave /usr/bin/nawk nawk /usr/bin/mawk --slave /usr/share/man/man1/nawk.1.gz nawk.1.gz /usr/share/man/man1/mawk.1.gz
update-alternatives 2016-09-23 17:25:59: run with --install /usr/sbin/rmt rmt /usr/sbin/rmt-tar 50 --slave /usr/share/man/man8/rmt.8.gz rmt.8.gz /usr/share/man/man8/rmt-tar.8.gz
update-alternatives 2016-09-23 17:25:59: link group rmt updated to point to /usr/sbin/rmt-tar
update-alternatives 2016-09-23 17:26:02: run with --install /usr/share/man/man7/builtins.7.gz builtins.7.gz /usr/share/man/man7/bash-builtins.7.gz 10
update-alternatives 2016-09-23 17:26:02: link group builtins.7.gz updated to point to /usr/share/man/man7/bash-builtins.7.gz
update-alternatives 2016-09-23 17:26:07: run with --install /usr/bin/pager pager /bin/more 50 --slave /usr/share/man/man1/pager.1.gz pager.1.gz /usr/share/man/man1/more.1.gz
update-alternatives 2016-09-23 17:26:07: link group pager updated to point to /bin/more
update-alternatives 2016-09-23 17:26:07: run with --install /usr/bin/pager pager /usr/bin/pg 10 --slave /usr/share/man/man1/pager.1.gz pager.1.gz /usr/share/man/man1/pg.1.gz
update-alternatives 2016-09-23 17:26:07: run with --install /usr/bin/w w /usr/bin/w.procps 50 --slave /usr/share/man/man1/w.1.gz w.1.gz /usr/share/man/man1/w.procps.1.gz
update-alternatives 2016-09-23 17:26:07: link group w updated to point to /usr/bin/w.procps
update-alternatives 2016-09-23 18:26:13: run with --install /usr/bin/rename rename /usr/bin/prename 60 --slave /usr/share/man/man1/rename.1.gz rename.1.gz /usr/share/man/man1/prename.1.gz
update-alternatives 2016-09-23 18:26:13: link group rename updated to point to /usr/bin/prename
update-alternatives 2016-09-23 18:26:14: run with --quiet --install /usr/bin/rsh rsh /usr/bin/ssh 20 --slave /usr/share/man/man1/rsh.1.gz rsh.1.gz /usr/share/man/man1/ssh.1.gz
update-alternatives 2016-09-23 18:26:14: link group rsh updated to point to /usr/bin/ssh
update-alternatives 2016-09-23 18:26:14: run with --quiet --install /usr/bin/rlogin rlogin /usr/bin/slogin 20 --slave /usr/share/man/man1/rlogin.1.gz rlogin.1.gz /usr/share/man/man1/slogin.1.gz
update-alternatives 2016-09-23 18:26:14: link group rlogin updated to point to /usr/bin/slogin
update-alternatives 2016-09-23 18:26:14: run with --quiet --install /usr/bin/rcp rcp /usr/bin/scp 20 --slave /usr/share/man/man1/rcp.1.gz rcp.1.gz /usr/share/man/man1/scp.1.gz
update-alternatives 2016-09-23 18:26:14: link group rcp updated to point to /usr/bin/scp
update-alternatives 2016-09-24 00:12:49: run with --install /usr/bin/lzma lzma /usr/bin/xz 20 --slave /usr/share/man/man1/lzma.1.gz lzma.1.gz /usr/share/man/man1/xz.1.gz --slave /usr/bin/unlzma unlzma /usr/bin/unxz --slave /usr/share/man/man1/unlzma.1.gz unlzma.1.gz /usr/share/man/man1/unxz.1.gz --slave /usr/bin/lzcat lzcat /usr/bin/xzcat --slave /usr/share/man/man1/lzcat.1.gz lzcat.1.gz /usr/share/man/man1/xzcat.1.gz --slave /usr/bin/lzmore lzmore /usr/bin/xzmore --slave /usr/share/man/man1/lzmore.1.gz lzmore.1.gz /usr/share/man/man1/xzmore.1.gz --slave /usr/bin/lzless lzless /usr/bin/xzless --slave /usr/share/man/man1/lzless.1.gz lzless.1.gz /usr/share/man/man1/xzless.1.gz --slave /usr/bin/lzdiff lzdiff /usr/bin/xzdiff --slave /usr/share/man/man1/lzdiff.1.gz lzdiff.1.gz /usr/share/man/man1/xzdiff.1.gz --slave /usr/bin/lzcmp lzcmp /usr/bin/xzcmp --slave /usr/share/man/man1/lzcmp.1.gz lzcmp.1.gz /usr/share/man/man1/xzcmp.1.gz --slave /usr/bin/lzgrep lzgrep /usr/bin/xzgrep --slave /usr/share/man/man1/lzgrep.1.gz lzgrep.1.gz /usr/share/man/man1/xzgrep.1.gz --slave /usr/bin/lzegrep lzegrep /usr/bin/xzegrep --slave /usr/share/man/man1/lzegrep.1.gz lzegrep.1.gz /usr/share/man/man1/xzegrep.1.gz --slave /usr/bin/lzfgrep lzfgrep /usr/bin/xzfgrep --slave /usr/share/man/man1/lzfgrep.1.gz lzfgrep.1.gz /usr/share/man/man1/xzfgrep.1.gz
update-alternatives 2016-09-24 00:12:49: link group lzma updated to point to /usr/bin/xz
update-alternatives 2016-09-24 00:12:49: run with --install /usr/bin/automake automake /usr/bin/automake-1.14 32 --slave /usr/bin/aclocal aclocal /usr/bin/aclocal-1.14 --slave /usr/share/man/man1/automake.1.gz automake.1.gz /usr/share/man/man1/automake-1.14.1.gz --slave /usr/share/man/man1/aclocal.1.gz aclocal.1.gz /usr/share/man/man1/aclocal-1.14.1.gz
update-alternatives 2016-09-24 00:12:49: link group automake updated to point to /usr/bin/automake-1.14
update-alternatives 2016-09-24 00:12:49: run with --quiet --install /lib/cpp cpp /usr/bin/cpp 10
update-alternatives 2016-09-24 00:12:49: link group cpp updated to point to /usr/bin/cpp
update-alternatives 2016-09-24 00:12:49: run with --quiet --install /usr/bin/cc cc /usr/bin/gcc 20
update-alternatives 2016-09-24 00:12:49: link group cc updated to point to /usr/bin/gcc
update-alternatives 2016-09-24 00:12:49: run with --quiet --install /usr/bin/c89 c89 /usr/bin/c89-gcc 20 --slave /usr/share/man/man1/c89.1.gz c89.1.gz /usr/share/man/man1/c89-gcc.1.gz
update-alternatives 2016-09-24 00:12:49: link group c89 updated to point to /usr/bin/c89-gcc
update-alternatives 2016-09-24 00:12:49: run with --quiet --install /usr/bin/c99 c99 /usr/bin/c99-gcc 20 --slave /usr/share/man/man1/c99.1.gz c99.1.gz /usr/share/man/man1/c99-gcc.1.gz
update-alternatives 2016-09-24 00:12:49: link group c99 updated to point to /usr/bin/c99-gcc
update-alternatives 2016-09-24 00:12:49: run with --install /usr/bin/c++ c++ /usr/bin/g++ 20
update-alternatives 2016-09-24 00:12:49: link group c++ updated to point to /usr/bin/g++
update-alternatives 2016-09-24 00:12:49: run with --install /usr/bin/compare compare /usr/bin/compare-im6 100 --slave /usr/share/man/man1/compare.1.gz compare.1.gz /usr/share/man/man1/compare-im6.1.gz
update-alternatives 2016-09-24 00:12:49: link group compare updated to point to /usr/bin/compare-im6
update-alternatives 2016-09-24 00:12:49: run with --install /usr/bin/animate animate /usr/bin/animate-im6 100 --slave /usr/share/man/man1/animate.1.gz animate.1.gz /usr/share/man/man1/animate-im6.1.gz
update-alternatives 2016-09-24 00:12:49: link group animate updated to point to /usr/bin/animate-im6
update-alternatives 2016-09-24 00:12:49: run with --install /usr/bin/convert convert /usr/bin/convert-im6 100 --slave /usr/share/man/man1/convert.1.gz convert.1.gz /usr/share/man/man1/convert-im6.1.gz
update-alternatives 2016-09-24 00:12:49: link group convert updated to point to /usr/bin/convert-im6
update-alternatives 2016-09-24 00:12:49: run with --install /usr/bin/composite composite /usr/bin/composite-im6 100 --slave /usr/share/man/man1/composite.1.gz composite.1.gz /usr/share/man/man1/composite-im6.1.gz
update-alternatives 2016-09-24 00:12:49: link group composite updated to point to /usr/bin/composite-im6
update-alternatives 2016-09-24 00:12:49: run with --install /usr/bin/conjure conjure /usr/bin/conjure-im6 100 --slave /usr/share/man/man1/conjure.1.gz conjure.1.gz /usr/share/man/man1/conjure-im6.1.gz
update-alternatives 2016-09-24 00:12:49: link group conjure updated to point to /usr/bin/conjure-im6
update-alternatives 2016-09-24 00:12:49: run with --install /usr/bin/import import /usr/bin/import-im6 100 --slave /usr/share/man/man1/import.1.gz import.1.gz /usr/share/man/man1/import-im6.1.gz
update-alternatives 2016-09-24 00:12:49: link group import updated to point to /usr/bin/import-im6
update-alternatives 2016-09-24 00:12:49: run with --install /usr/bin/identify identify /usr/bin/identify-im6 100 --slave /usr/share/man/man1/identify.1.gz identify.1.gz /usr/share/man/man1/identify-im6.1.gz
update-alternatives 2016-09-24 00:12:49: link group identify updated to point to /usr/bin/identify-im6
update-alternatives 2016-09-24 00:12:49: run with --install /usr/bin/stream stream /usr/bin/stream-im6 100 --slave /usr/share/man/man1/stream.1.gz stream.1.gz /usr/share/man/man1/stream-im6.1.gz
update-alternatives 2016-09-24 00:12:49: link group stream updated to point to /usr/bin/stream-im6
update-alternatives 2016-09-24 00:12:49: run with --install /usr/bin/display display /usr/bin/display-im6 100 --slave /usr/share/man/man1/display.1.gz display.1.gz /usr/share/man/man1/display-im6.1.gz
update-alternatives 2016-09-24 00:12:49: link group display updated to point to /usr/bin/display-im6
update-alternatives 2016-09-24 00:12:49: run with --install /usr/bin/montage montage /usr/bin/montage-im6 100 --slave /usr/share/man/man1/montage.1.gz montage.1.gz /usr/share/man/man1/montage-im6.1.gz
update-alternatives 2016-09-24 00:12:49: link group montage updated to point to /usr/bin/montage-im6
update-alternatives 2016-09-24 00:12:49: run with --install /usr/bin/mogrify mogrify /usr/bin/mogrify-im6 100 --slave /usr/share/man/man1/mogrify.1.gz mogrify.1.gz /usr/share/man/man1/mogrify-im6.1.gz
update-alternatives 2016-09-24 00:12:49: link group mogrify updated to point to /usr/bin/mogrify-im6
